<?xml version="1.0" encoding="UTF-8"?>
<!-- Generated by org.testng.reporters.JUnitReportReporter -->
<testsuite hostname="GGNUWT323191L" failures="0" tests="1" name="example.NewTest" time="1.516" errors="0" timestamp="14 Jul 2020 10:21:30 GMT">
  <testcase classname="example.NewTest" name="f" time="1.516"/>
</testsuite> <!-- example.NewTest -->
